0 info it worked if it ends with ok
1 verbose cli [ '/Users/stephenbutterfill/.nvm/v0.10.40/bin/node',
1 verbose cli   '/Users/stephenbutterfill/.nvm/v0.10.40/bin/npm',
1 verbose cli   'install',
1 verbose cli   '-g',
1 verbose cli   'cofeeify' ]
2 info using npm@1.4.28
3 info using node@v0.10.40
4 verbose cache add [ 'cofeeify', null ]
5 verbose cache add name=undefined spec="cofeeify" args=["cofeeify",null]
6 verbose parsed url { protocol: null,
6 verbose parsed url   slashes: null,
6 verbose parsed url   auth: null,
6 verbose parsed url   host: null,
6 verbose parsed url   port: null,
6 verbose parsed url   hostname: null,
6 verbose parsed url   hash: null,
6 verbose parsed url   search: null,
6 verbose parsed url   query: null,
6 verbose parsed url   pathname: 'cofeeify',
6 verbose parsed url   path: 'cofeeify',
6 verbose parsed url   href: 'cofeeify' }
7 silly lockFile 18e7e564-cofeeify cofeeify
8 verbose lock cofeeify /Users/stephenbutterfill/.npm/18e7e564-cofeeify.lock
9 silly lockFile 18e7e564-cofeeify cofeeify
10 silly lockFile 18e7e564-cofeeify cofeeify
11 verbose addNamed [ 'cofeeify', '' ]
12 verbose addNamed [ null, '*' ]
13 silly lockFile 170e71c1-cofeeify cofeeify@
14 verbose lock cofeeify@ /Users/stephenbutterfill/.npm/170e71c1-cofeeify.lock
15 silly addNameRange { name: 'cofeeify', range: '*', hasData: false }
16 verbose request where is /cofeeify
17 verbose request registry https://registry.npmjs.org/
18 verbose request id 507af8c7bd06898e
19 verbose url raw /cofeeify
20 verbose url resolving [ 'https://registry.npmjs.org/', './cofeeify' ]
21 verbose url resolved https://registry.npmjs.org/cofeeify
22 verbose request where is https://registry.npmjs.org/cofeeify
23 info trying registry request attempt 1 at 21:16:02
24 http GET https://registry.npmjs.org/cofeeify
25 http 404 https://registry.npmjs.org/cofeeify
26 silly registry.get cb [ 404,
26 silly registry.get   { 'content-type': 'application/json',
26 silly registry.get     'cache-control': 'max-age=0',
26 silly registry.get     'content-length': '2',
26 silly registry.get     'accept-ranges': 'bytes',
26 silly registry.get     date: 'Mon, 14 Sep 2015 20:16:02 GMT',
26 silly registry.get     via: '1.1 varnish',
26 silly registry.get     age: '0',
26 silly registry.get     connection: 'keep-alive',
26 silly registry.get     'x-served-by': 'cache-lhr6327-LHR',
26 silly registry.get     'x-cache': 'MISS',
26 silly registry.get     'x-cache-hits': '0',
26 silly registry.get     'x-timer': 'S1442261762.612728,VS0,VE96' } ]
27 silly lockFile 170e71c1-cofeeify cofeeify@
28 silly lockFile 170e71c1-cofeeify cofeeify@
29 error 404 Not Found
29 error 404
29 error 404 'cofeeify' is not in the npm registry.
29 error 404 You should bug the author to publish it
29 error 404
29 error 404 Note that you can also install from a
29 error 404 tarball, folder, or http url, or git url.
30 error System Darwin 12.5.0
31 error command "/Users/stephenbutterfill/.nvm/v0.10.40/bin/node" "/Users/stephenbutterfill/.nvm/v0.10.40/bin/npm" "install" "-g" "cofeeify"
32 error cwd /Users/stephenbutterfill/Documents/programming/logic love-logic/love-logic_new_project/proofs
33 error node -v v0.10.40
34 error npm -v 1.4.28
35 error code E404
36 verbose exit [ 1, true ]
