0 info it worked if it ends with ok
1 verbose cli [ '/Users/stephenbutterfill/.nvm/v0.10.40/bin/node',
1 verbose cli   '/Users/stephenbutterfill/.nvm/v0.10.40/bin/npm',
1 verbose cli   'install',
1 verbose cli   'v0.12.7' ]
2 info using npm@1.4.28
3 info using node@v0.10.40
4 warn package.json love-logic@1.0.0 No repository field.
5 warn package.json love-logic@1.0.0 No README data
6 verbose readDependencies using package.json deps
7 verbose cache add [ 'v0.12.7', null ]
8 verbose cache add name=undefined spec="v0.12.7" args=["v0.12.7",null]
9 verbose parsed url { protocol: null,
9 verbose parsed url   slashes: null,
9 verbose parsed url   auth: null,
9 verbose parsed url   host: null,
9 verbose parsed url   port: null,
9 verbose parsed url   hostname: null,
9 verbose parsed url   hash: null,
9 verbose parsed url   search: null,
9 verbose parsed url   query: null,
9 verbose parsed url   pathname: 'v0.12.7',
9 verbose parsed url   path: 'v0.12.7',
9 verbose parsed url   href: 'v0.12.7' }
10 silly lockFile 672fdf3f-v0-12-7 v0.12.7
11 verbose lock v0.12.7 /Users/stephenbutterfill/.npm/672fdf3f-v0-12-7.lock
12 silly lockFile 672fdf3f-v0-12-7 v0.12.7
13 silly lockFile 672fdf3f-v0-12-7 v0.12.7
14 verbose addNamed [ 'v0.12.7', '' ]
15 verbose addNamed [ null, '*' ]
16 silly lockFile 982bd4cd-v0-12-7 v0.12.7@
17 verbose lock v0.12.7@ /Users/stephenbutterfill/.npm/982bd4cd-v0-12-7.lock
18 silly addNameRange { name: 'v0.12.7', range: '*', hasData: false }
19 verbose request where is /v0.12.7
20 verbose request registry https://registry.npmjs.org/
21 verbose request id 24a24bf26aea0b0b
22 verbose url raw /v0.12.7
23 verbose url resolving [ 'https://registry.npmjs.org/', './v0.12.7' ]
24 verbose url resolved https://registry.npmjs.org/v0.12.7
25 verbose request where is https://registry.npmjs.org/v0.12.7
26 info trying registry request attempt 1 at 12:18:57
27 http GET https://registry.npmjs.org/v0.12.7
28 http 404 https://registry.npmjs.org/v0.12.7
29 silly registry.get cb [ 404,
29 silly registry.get   { 'content-type': 'application/json',
29 silly registry.get     'cache-control': 'max-age=0',
29 silly registry.get     'content-length': '2',
29 silly registry.get     'accept-ranges': 'bytes',
29 silly registry.get     date: 'Mon, 14 Sep 2015 11:18:53 GMT',
29 silly registry.get     via: '1.1 varnish',
29 silly registry.get     age: '0',
29 silly registry.get     connection: 'keep-alive',
29 silly registry.get     'x-served-by': 'cache-lcy1125-LCY',
29 silly registry.get     'x-cache': 'MISS',
29 silly registry.get     'x-cache-hits': '0',
29 silly registry.get     'x-timer': 'S1442229532.799969,VS0,VE380' } ]
30 silly lockFile 982bd4cd-v0-12-7 v0.12.7@
31 silly lockFile 982bd4cd-v0-12-7 v0.12.7@
32 error 404 Not Found
32 error 404
32 error 404 'v0.12.7' is not in the npm registry.
32 error 404 You should bug the author to publish it
32 error 404 It was specified as a dependency of 'love-logic'
32 error 404
32 error 404 Note that you can also install from a
32 error 404 tarball, folder, or http url, or git url.
33 error System Darwin 12.5.0
34 error command "/Users/stephenbutterfill/.nvm/v0.10.40/bin/node" "/Users/stephenbutterfill/.nvm/v0.10.40/bin/npm" "install" "v0.12.7"
35 error cwd /Users/stephenbutterfill/Documents/programming/logic love-logic/love-logic_new_project
36 error node -v v0.10.40
37 error npm -v 1.4.28
38 error code E404
39 verbose exit [ 1, true ]
